<?xml version="1.0" encoding="UTF-8"?>
<!-- Generated by org.testng.reporters.JUnitReportReporter -->
<testsuite skipped="0" hostname="DESKTOP-E0FIDGQ" name="com.rest.client.GetApiTest2" tests="1" failures="0" timestamp="05 Feb 2019 20:22:19 GMT" time="4.133" errors="0">
  <testcase name="getTest" time="4.133" classname="com.rest.client.GetApiTest2"/>
</testsuite> <!-- com.rest.client.GetApiTest2 -->
