<?xml version="1.0" encoding="UTF-8"?>
<!-- Generated by org.testng.reporters.JUnitReportReporter -->
<testsuite skipped="0" hostname="DESKTOP-E0FIDGQ" name="practiceTestNG.TestNgBasics" tests="3" failures="0" timestamp="19 Jan 2019 00:47:43 GMT" time="12.696" errors="0">
  <testcase name="test3" time="4.377" classname="practiceTestNG.TestNgBasics"/>
  <testcase name="test1" time="4.009" classname="practiceTestNG.TestNgBasics"/>
  <testcase name="test2" time="4.310" classname="practiceTestNG.TestNgBasics"/>
</testsuite> <!-- practiceTestNG.TestNgBasics -->
