<?xml version="1.0" encoding="UTF-8"?>
<!-- Generated by org.testng.reporters.JUnitReportReporter -->
<testsuite skipped="0" hostname="DESKTOP-E0FIDGQ" name="com.rest.client.GetApiTest" tests="1" failures="0" timestamp="05 Feb 2019 18:39:41 GMT" time="4.715" errors="0">
  <testcase name="getTest" time="4.715" classname="com.rest.client.GetApiTest"/>
</testsuite> <!-- com.rest.client.GetApiTest -->
