<?xml version="1.0" encoding="UTF-8"?>
<!-- Generated by org.testng.reporters.JUnitReportReporter -->
<testsuite skipped="1" hostname="DESKTOP-E0FIDGQ" name="practiceTestNG.DataProviderTest" tests="1" failures="0" timestamp="20 Feb 2019 02:12:44 GMT" time="0.000" errors="0">
  <testcase name="ebayPage" time="0.000" classname="practiceTestNG.DataProviderTest">
    <skipped/>
  </testcase> <!-- ebayPage -->
</testsuite> <!-- practiceTestNG.DataProviderTest -->
