<?xml version="1.0" encoding="UTF-8"?>
<!-- Generated by org.testng.reporters.JUnitReportReporter -->
<testsuite skipped="0" hostname="DESKTOP-E0FIDGQ" name="practiceTestNG.WebTable" tests="1" failures="0" timestamp="26 Jan 2019 02:09:10 GMT" time="18.234" errors="0">
  <testcase name="webTableTest" time="18.234" classname="practiceTestNG.WebTable"/>
</testsuite> <!-- practiceTestNG.WebTable -->
