<?xml version="1.0" encoding="UTF-8"?>
<!-- Generated by org.testng.reporters.JUnitReportReporter -->
<testsuite skipped="0" hostname="DESKTOP-E0FIDGQ" name="practiceTestNG.DynamicDropdownTest" tests="1" failures="0" timestamp="12 Feb 2019 21:59:04 GMT" time="8.236" errors="0">
  <testcase name="dynamicDropdown" time="8.236" classname="practiceTestNG.DynamicDropdownTest"/>
</testsuite> <!-- practiceTestNG.DynamicDropdownTest -->
