<?xml version="1.0" encoding="UTF-8"?>
<!-- Generated by org.testng.reporters.JUnitReportReporter -->
<testsuite skipped="0" hostname="DESKTOP-E0FIDGQ" name="practiceTestNG.HiddenElementTest" tests="1" failures="0" timestamp="29 Jan 2019 17:53:08 GMT" time="7.698" errors="0">
  <testcase name="hiddenElementOne" time="7.698" classname="practiceTestNG.HiddenElementTest"/>
</testsuite> <!-- practiceTestNG.HiddenElementTest -->
