<?xml version="1.0" encoding="UTF-8"?>
<!-- Generated by org.testng.reporters.JUnitReportReporter -->
<testsuite skipped="0" hostname="DESKTOP-E0FIDGQ" name="practiceTestNG.ArraysLearningExecution" tests="1" failures="0" timestamp="04 Feb 2019 18:27:33 GMT" time="0.017" errors="0">
  <testcase name="testarrays" time="0.017" classname="practiceTestNG.ArraysLearningExecution"/>
</testsuite> <!-- practiceTestNG.ArraysLearningExecution -->
