<?xml version="1.0" encoding="UTF-8"?>
<!-- Generated by org.testng.reporters.JUnitReportReporter -->
<testsuite skipped="0" hostname="DESKTOP-E0FIDGQ" name="practiceTestNG.Nothing" tests="1" failures="0" timestamp="24 Jan 2019 23:21:58 GMT" time="3.033" errors="0">
  <testcase name="nothingNew" time="3.033" classname="practiceTestNG.Nothing"/>
</testsuite> <!-- practiceTestNG.Nothing -->
