<?xml version="1.0" encoding="UTF-8"?>
<!-- Generated by org.testng.reporters.JUnitReportReporter -->
<testsuite skipped="0" hostname="DESKTOP-E0FIDGQ" name="practiceTestNG.DateAndTimeTest" tests="1" failures="0" timestamp="31 Jan 2019 16:46:08 GMT" time="0.280" errors="0">
  <testcase name="DataAndTime" time="0.280" classname="practiceTestNG.DateAndTimeTest"/>
</testsuite> <!-- practiceTestNG.DateAndTimeTest -->
