<?xml version="1.0" encoding="UTF-8"?>
<!-- Generated by org.testng.reporters.JUnitReportReporter -->
<testsuite skipped="0" hostname="DESKTOP-E0FIDGQ" name="practiceTestNG.PalindromeNumber" tests="1" failures="0" timestamp="10 Feb 2019 23:27:07 GMT" time="0.012" errors="0">
  <testcase name="isPalindrome" time="0.012" classname="practiceTestNG.PalindromeNumber"/>
</testsuite> <!-- practiceTestNG.PalindromeNumber -->
