<?xml version="1.0" encoding="UTF-8"?>
<!-- Generated by org.testng.reporters.JUnitReportReporter -->
<testsuite skipped="0" hostname="DESKTOP-E0FIDGQ" name="practiceTestNG.CountOfLinks" tests="1" failures="0" timestamp="26 Jan 2019 18:38:18 GMT" time="13.125" errors="0">
  <testcase name="element_count" time="13.125" classname="practiceTestNG.CountOfLinks"/>
</testsuite> <!-- practiceTestNG.CountOfLinks -->
