<?xml version="1.0" encoding="UTF-8"?>
<!-- Generated by org.testng.reporters.JUnitReportReporter -->
<testsuite skipped="0" hostname="DESKTOP-E0FIDGQ" name="practiceTestNG.GoogleTest" tests="6" failures="1" timestamp="12 Feb 2019 21:26:33 GMT" time="66.662" errors="0">
  <testcase name="googleLogoTest" time="10.923" classname="practiceTestNG.GoogleTest"/>
  <testcase name="ImageLinkTest" time="14.029" classname="practiceTestNG.GoogleTest"/>
  <testcase name="googleTitleTest" time="10.272" classname="practiceTestNG.GoogleTest">
    <failure type="org.junit.ComparisonFailure" message="expected:&lt;Google[]&gt; but was:&lt;Google[123]&gt;">
      <![CDATA[org.junit.ComparisonFailure: expected:<Google[]> but was:<Google[123]>
at org.junit.Assert.assertEquals(Assert.java:115)
at org.junit.Assert.assertEquals(Assert.java:144)
at com.utility.VerificationUtil.areEqual(VerificationUtil.java:8)
at practiceTestNG.GoogleTest.googleTitleTest(GoogleTest.java:44)
at sun.reflect.NativeMethodAccessorImpl.invoke0(Native Method)
at sun.reflect.NativeMethodAccessorImpl.invoke(Unknown Source)
at sun.reflect.DelegatingMethodAccessorImpl.invoke(Unknown Source)
at java.lang.reflect.Method.invoke(Unknown Source)
at org.testng.internal.MethodInvocationHelper.invokeMethod(MethodInvocationHelper.java:124)
at org.testng.internal.Invoker.invokeMethod(Invoker.java:580)
at org.testng.internal.Invoker.invokeTestMethod(Invoker.java:716)
at org.testng.internal.Invoker.invokeTestMethods(Invoker.java:988)
at org.testng.internal.TestMethodWorker.invokeTestMethods(TestMethodWorker.java:125)
at org.testng.internal.TestMethodWorker.run(TestMethodWorker.java:109)
at org.testng.TestRunner.privateRun(TestRunner.java:648)
at org.testng.TestRunner.run(TestRunner.java:505)
at org.testng.SuiteRunner.runTest(SuiteRunner.java:455)
at org.testng.SuiteRunner.access$000(SuiteRunner.java:40)
at org.testng.SuiteRunner$SuiteWorker.run(SuiteRunner.java:489)
at org.testng.internal.thread.ThreadUtil$1.call(ThreadUtil.java:52)
at java.util.concurrent.FutureTask.run(Unknown Source)
at java.util.concurrent.ThreadPoolExecutor.runWorker(Unknown Source)
at java.util.concurrent.ThreadPoolExecutor$Worker.run(Unknown Source)
at java.lang.Thread.run(Unknown Source)
]]>
    </failure>
  </testcase> <!-- googleTitleTest -->
  <testcase name="MailLinkTest" time="11.188" classname="practiceTestNG.GoogleTest"/>
  <testcase name="MailLinkTest" time="10.913" classname="practiceTestNG.GoogleTest"/>
  <testcase name="MailLinkTest" time="9.337" classname="practiceTestNG.GoogleTest"/>
</testsuite> <!-- practiceTestNG.GoogleTest -->
