<?xml version="1.0" encoding="UTF-8"?>
<!-- Generated by org.testng.reporters.JUnitReportReporter -->
<testsuite skipped="0" hostname="DESKTOP-E0FIDGQ" name="practiceTestNG.ParameterTest" tests="4" failures="0" timestamp="12 Feb 2019 21:26:33 GMT" time="16.825" errors="0">
  <testcase name="driverSetUp" time="2.678" classname="practiceTestNG.ParameterTest"/>
  <testcase name="lunchUrl" time="11.226" classname="practiceTestNG.ParameterTest"/>
  <testcase name="logIn" time="0.260" classname="practiceTestNG.ParameterTest"/>
  <testcase name="close" time="2.661" classname="practiceTestNG.ParameterTest"/>
</testsuite> <!-- practiceTestNG.ParameterTest -->
