<?xml version="1.0" encoding="UTF-8"?>
<!-- Generated by org.testng.reporters.JUnitReportReporter -->
<testsuite skipped="0" hostname="DESKTOP-E0FIDGQ" name="practiceTestNG.ScrollBarTest" tests="1" failures="0" timestamp="29 Jan 2019 01:44:26 GMT" time="15.528" errors="0">
  <testcase name="ScrollBar" time="15.528" classname="practiceTestNG.ScrollBarTest"/>
</testsuite> <!-- practiceTestNG.ScrollBarTest -->
