<?xml version="1.0" encoding="UTF-8"?>
<!-- Generated by org.testng.reporters.JUnitReportReporter -->
<testsuite skipped="0" hostname="DESKTOP-E0FIDGQ" name="practiceTestNG.IteratorTest" tests="1" failures="0" timestamp="07 Feb 2019 23:15:29 GMT" time="0.020" errors="0">
  <testcase name="IteratorTesting" time="0.020" classname="practiceTestNG.IteratorTest"/>
</testsuite> <!-- practiceTestNG.IteratorTest -->
